<?xml version="1.0" encoding="UTF-8"?>
<!-- Generated by org.testng.reporters.JUnitXMLReporter -->
<testsuite ignored="0" hostname="DESKTOP-VC088CJ" failures="0" tests="6" name="Default test" time="0.641" errors="0" timestamp="2022-09-04T14:01:12 IST">
  <testcase classname="com.qa.test.OppenheimerTest" name="insertMultipleRecord" time="0.003"/>
  <testcase classname="com.qa.test.OppenheimerTest" name="insertMultipleRecord" time="0.034"/>
  <testcase classname="com.qa.test.OppenheimerTest" name="insertMultipleRecord" time="0.002"/>
  <testcase classname="com.qa.test.OppenheimerTest" name="insertSingleRecord" time="0.001"/>
  <testcase classname="com.qa.test.OppenheimerTest" name="insertSingleRecord" time="0.001"/>
  <testcase classname="com.qa.test.OppenheimerTest" name="insertSingleRecord" time="0.0"/>
</testsuite> <!-- Default test -->
