<?xml version="1.0" encoding="UTF-8"?>
<!-- Generated by org.testng.reporters.JUnitXMLReporter -->
<testsuite ignored="0" hostname="Girinath" failures="0" tests="4" name="Default test" time="52.746" errors="0" timestamp="2022-09-03T16:16:41 IST">
  <testcase classname="com.qa.test.googleSearch" name="f" time="2.649"/>
  <testcase classname="com.qa.test.googleSearch" name="f" time="13.593"/>
  <testcase classname="com.qa.test.googleSearch" name="f" time="14.447"/>
  <testcase classname="com.qa.test.googleSearch" name="f" time="13.052"/>
</testsuite> <!-- Default test -->
