<?xml version="1.0" encoding="UTF-8"?>
<testng-results ignored="0" total="4" passed="4" failed="0" skipped="0">
  <reporter-output>
  </reporter-output>
  <suite started-at="2022-09-03T16:15:48 IST" name="Default suite" finished-at="2022-09-03T16:16:41 IST" duration-ms="52746">
    <groups>
    </groups>
    <test started-at="2022-09-03T16:15:48 IST" name="Default test" finished-at="2022-09-03T16:16:41 IST" duration-ms="52746">
      <class name="com.qa.test.googleSearch">
        <test-method is-config="true" signature="suiteSetup()[pri:0, instance:com.qa.test.googleSearch@22e357dc]" started-at="2022-09-03T16:15:47 IST" name="suiteSetup" finished-at="2022-09-03T16:15:48 IST" duration-ms="1647" status="PASS">
          <reporter-output>
          </reporter-output>
        </test-method> <!-- suiteSetup -->
        <test-method is-config="true" signature="loadBaseUrl([Ljava.lang.Object;)[pri:0, instance:com.qa.test.googleSearch@22e357dc]" started-at="2022-09-03T16:15:49 IST" name="loadBaseUrl" finished-at="2022-09-03T16:15:51 IST" duration-ms="2854" status="PASS">
          <params>
            <param index="0">
              <value>
                <![CDATA[[Ljava.lang.Object;@6f5bd362]]>
              </value>
            </param>
          </params>
          <reporter-output>
          </reporter-output>
        </test-method> <!-- loadBaseUrl -->
        <test-method signature="f(java.lang.String, java.lang.String)[pri:0, instance:com.qa.test.googleSearch@22e357dc]" started-at="2022-09-03T16:15:51 IST" name="f" data-provider="tempTestData" finished-at="2022-09-03T16:15:54 IST" duration-ms="2649" status="PASS">
          <params>
            <param index="0">
              <value>
                <![CDATA[aaa]]>
              </value>
            </param>
            <param index="1">
              <value>
                <![CDATA[aaa]]>
              </value>
            </param>
          </params>
          <reporter-output>
          </reporter-output>
        </test-method> <!-- f -->
        <test-method is-config="true" signature="screenshotAndDeleteCookies(org.testng.ITestResult)[pri:0, instance:com.qa.test.googleSearch@22e357dc]" started-at="2022-09-03T16:15:54 IST" name="screenshotAndDeleteCookies" finished-at="2022-09-03T16:15:54 IST" duration-ms="134" status="PASS">
          <params>
            <param index="0">
              <value>
                <![CDATA[[TestResult name=f status=SUCCESS method=googleSearch.f(java.lang.String, java.lang.String)[pri:0, instance:com.qa.test.googleSearch@22e357dc] output={null}]]]>
              </value>
            </param>
          </params>
          <reporter-output>
          </reporter-output>
        </test-method> <!-- screenshotAndDeleteCookies -->
        <test-method is-config="true" signature="loadBaseUrl([Ljava.lang.Object;)[pri:0, instance:com.qa.test.googleSearch@22e357dc]" started-at="2022-09-03T16:15:54 IST" name="loadBaseUrl" finished-at="2022-09-03T16:15:56 IST" duration-ms="1797" status="PASS">
          <params>
            <param index="0">
              <value>
                <![CDATA[[Ljava.lang.Object;@3a401749]]>
              </value>
            </param>
          </params>
          <reporter-output>
          </reporter-output>
        </test-method> <!-- loadBaseUrl -->
        <test-method signature="f(java.lang.String, java.lang.String)[pri:0, instance:com.qa.test.googleSearch@22e357dc]" started-at="2022-09-03T16:15:56 IST" name="f" data-provider="tempTestData" finished-at="2022-09-03T16:16:10 IST" duration-ms="13593" status="PASS">
          <params>
            <param index="0">
              <value>
                <![CDATA[girinath]]>
              </value>
            </param>
            <param index="1">
              <value>
                <![CDATA[sss]]>
              </value>
            </param>
          </params>
          <reporter-output>
          </reporter-output>
        </test-method> <!-- f -->
        <test-method is-config="true" signature="screenshotAndDeleteCookies(org.testng.ITestResult)[pri:0, instance:com.qa.test.googleSearch@22e357dc]" started-at="2022-09-03T16:16:10 IST" name="screenshotAndDeleteCookies" finished-at="2022-09-03T16:16:10 IST" duration-ms="37" status="PASS">
          <params>
            <param index="0">
              <value>
                <![CDATA[[TestResult name=f status=SUCCESS method=googleSearch.f(java.lang.String, java.lang.String)[pri:0, instance:com.qa.test.googleSearch@22e357dc] output={null}]]]>
              </value>
            </param>
          </params>
          <reporter-output>
          </reporter-output>
        </test-method> <!-- screenshotAndDeleteCookies -->
        <test-method is-config="true" signature="loadBaseUrl([Ljava.lang.Object;)[pri:0, instance:com.qa.test.googleSearch@22e357dc]" started-at="2022-09-03T16:16:10 IST" name="loadBaseUrl" finished-at="2022-09-03T16:16:12 IST" duration-ms="1818" status="PASS">
          <params>
            <param index="0">
              <value>
                <![CDATA[[Ljava.lang.Object;@7793ad58]]>
              </value>
            </param>
          </params>
          <reporter-output>
          </reporter-output>
        </test-method> <!-- loadBaseUrl -->
        <test-method signature="f(java.lang.String, java.lang.String)[pri:0, instance:com.qa.test.googleSearch@22e357dc]" started-at="2022-09-03T16:16:12 IST" name="f" data-provider="tempTestData" finished-at="2022-09-03T16:16:26 IST" duration-ms="14447" status="PASS">
          <params>
            <param index="0">
              <value>
                <![CDATA[magesn]]>
              </value>
            </param>
            <param index="1">
              <value>
                <![CDATA[vvv]]>
              </value>
            </param>
          </params>
          <reporter-output>
          </reporter-output>
        </test-method> <!-- f -->
        <test-method is-config="true" signature="screenshotAndDeleteCookies(org.testng.ITestResult)[pri:0, instance:com.qa.test.googleSearch@22e357dc]" started-at="2022-09-03T16:16:26 IST" name="screenshotAndDeleteCookies" finished-at="2022-09-03T16:16:26 IST" duration-ms="33" status="PASS">
          <params>
            <param index="0">
              <value>
                <![CDATA[[TestResult name=f status=SUCCESS method=googleSearch.f(java.lang.String, java.lang.String)[pri:0, instance:com.qa.test.googleSearch@22e357dc] output={null}]]]>
              </value>
            </param>
          </params>
          <reporter-output>
          </reporter-output>
        </test-method> <!-- screenshotAndDeleteCookies -->
        <test-method is-config="true" signature="loadBaseUrl([Ljava.lang.Object;)[pri:0, instance:com.qa.test.googleSearch@22e357dc]" started-at="2022-09-03T16:16:26 IST" name="loadBaseUrl" finished-at="2022-09-03T16:16:28 IST" duration-ms="2022" status="PASS">
          <params>
            <param index="0">
              <value>
                <![CDATA[[Ljava.lang.Object;@27e2287c]]>
              </value>
            </param>
          </params>
          <reporter-output>
          </reporter-output>
        </test-method> <!-- loadBaseUrl -->
        <test-method signature="f(java.lang.String, java.lang.String)[pri:0, instance:com.qa.test.googleSearch@22e357dc]" started-at="2022-09-03T16:16:28 IST" name="f" data-provider="tempTestData" finished-at="2022-09-03T16:16:41 IST" duration-ms="13052" status="PASS">
          <params>
            <param index="0">
              <value>
                <![CDATA[chennai]]>
              </value>
            </param>
            <param index="1">
              <value>
                <![CDATA[ddd]]>
              </value>
            </param>
          </params>
          <reporter-output>
          </reporter-output>
        </test-method> <!-- f -->
        <test-method is-config="true" signature="screenshotAndDeleteCookies(org.testng.ITestResult)[pri:0, instance:com.qa.test.googleSearch@22e357dc]" started-at="2022-09-03T16:16:41 IST" name="screenshotAndDeleteCookies" finished-at="2022-09-03T16:16:41 IST" duration-ms="32" status="PASS">
          <params>
            <param index="0">
              <value>
                <![CDATA[[TestResult name=f status=SUCCESS method=googleSearch.f(java.lang.String, java.lang.String)[pri:0, instance:com.qa.test.googleSearch@22e357dc] output={null}]]]>
              </value>
            </param>
          </params>
          <reporter-output>
          </reporter-output>
        </test-method> <!-- screenshotAndDeleteCookies -->
        <test-method is-config="true" signature="suiteTearDown()[pri:0, instance:com.qa.test.googleSearch@22e357dc]" started-at="2022-09-03T16:16:41 IST" name="suiteTearDown" finished-at="2022-09-03T16:16:42 IST" duration-ms="587" status="PASS">
          <reporter-output>
          </reporter-output>
        </test-method> <!-- suiteTearDown -->
      </class> <!-- com.qa.test.googleSearch -->
    </test> <!-- Default test -->
  </suite> <!-- Default suite -->
</testng-results>
